<?xml version="1.0" encoding="UTF-8"?>
<!-- Generated by org.testng.reporters.JUnitReportReporter -->
<testsuite skipped="0" hostname="akshaj" name="com.QEExecise2.Question2" tests="1" failures="0" timestamp="23 Jul 2020 18:12:16 GMT" time="25.913" errors="0">
  <testcase name="findlocation" time="25.913" classname="com.QEExecise2.Question2"/>
</testsuite> <!-- com.QEExecise2.Question2 -->
