<?xml version="1.0" encoding="UTF-8"?>
<!-- Generated by org.testng.reporters.JUnitReportReporter -->
<testsuite skipped="0" hostname="akshaj" name="com.QEExecise2.Answer2" tests="1" failures="0" timestamp="23 Jul 2020 17:41:50 GMT" time="24.532" errors="0">
  <testcase name="findlocation" time="24.532" classname="com.QEExecise2.Answer2"/>
</testsuite> <!-- com.QEExecise2.Answer2 -->
